Arguments: 
  /home/aksh/.nvm/versions/node/v21.4.0/bin/node /home/aksh/.yarn/releases/yarn-1.22.19.cjs add express

PATH: 
  /home/aksh/.bun/bin:/home/aksh/.nvm/versions/node/v21.4.0/bin:/home/aksh/.local/bin:/usr/local/sbin:/usr/local/bin:/usr/sbin:/usr/bin:/sbin:/bin:/usr/games:/usr/local/games:/snap/bin:/snap/bin

Yarn version: 
  1.22.19

Node version: 
  21.4.0

Platform: 
  linux x64

Trace: 
  Error: getaddrinfo EAI_AGAIN registry.yarnpkg.com
      at GetAddrInfoReqWrap.onlookupall [as oncomplete] (node:dns:118:26)

npm manifest: 
  {
    "name": "server",
    "version": "1.0.0",
    "main": "index.js",
    "author": "akash",
    "license": "MIT"
  }

yarn manifest: 
  No manifest

Lockfile: 
  No lockfile
